        -:    0:Source:../hvm4/clang/term/new/_.c
        -:    0:Graph:main-cov-main.gcno
        -:    0:Data:main-cov-main.gcda
        -:    0:Runs:9
    40787:    1:fn Term term_new_at(u32 loc, u8 tag, u32 ext, u32 ari, Term *args) {
   113840:    2:  for (u32 i = 0; i < ari; i++) {
    73053:    3:    heap_write(loc + i, args[i]);
        -:    4:  }
    40787:    5:  return term_new(0, tag, ext, loc);
        -:    6:}
        -:    7:
      865:    8:fn Term term_new_(u8 tag, u32 ext, u32 ari, Term *args) {
      865:    9:  return term_new_at(heap_alloc(ari), tag, ext, ari, args);
        -:   10:}
