        -:    0:Source:../hvm4/clang/parse/advance.c
        -:    0:Graph:main-cov-main.gcno
        -:    0:Data:main-cov-main.gcda
        -:    0:Runs:9
  1369358:    1:fn void parse_advance(PState *s) {
  1369358:    2:  if (parse_at_end(s)) {
    #####:    3:    return;
        -:    4:  }
  1369358:    5:  if (s->src[s->pos] == '\n') {
    45918:    6:    s->line++;
    45918:    7:    s->col = 1;
        -:    8:  } else {
  1323440:    9:    s->col++;
        -:   10:  }
  1369358:   11:  s->pos++;
        -:   12:}
