        -:    0:Source:../hvm4/clang/parse/advance.c
        -:    0:Graph:main-cov-main.gcno
        -:    0:Data:main-cov-main.gcda
        -:    0:Runs:422
 38674899:    1:fn void parse_advance(PState *s) {
 38674899:    2:  if (parse_at_end(s)) {
    #####:    3:    return;
        -:    4:  }
 38674899:    5:  if (s->src[s->pos] == '\n') {
  1313749:    6:    s->line++;
  1313749:    7:    s->col = 1;
        -:    8:  } else {
 37361150:    9:    s->col++;
        -:   10:  }
 38674899:   11:  s->pos++;
        -:   12:}
