        -:    0:Source:../hvm4/clang/wnf/alo_cop.c
        -:    0:Graph:hvm4-cov-main.gcno
        -:    0:Data:hvm4-cov-main.gcda
        -:    0:Runs:22
        -:    1:// @{s} n₀
        -:    2:// ------- ALO-DP0
        -:    3:// s[n]₀ or n₀ when substitution missing (n is a de Bruijn level)
        -:    4://
        -:    5:// @{s} n₁
        -:    6:// ------- ALO-DP1
        -:    7:// s[n]₁ or n₁ when substitution missing (n is a de Bruijn level)
       27:    8:fn Term wnf_alo_cop(u32 ls, u32 len, u32 lvl, u32 lab, u8 side, u8 tag) {
       27:    9:  if (lvl == 0 || lvl > len) {
    #####:   10:    return term_new(0, tag, lab, lvl);
        -:   11:  }
       27:   12:  u32 idx = len - lvl;
       27:   13:  u32 it  = ls;
       37:   14:  for (u32 i = 0; i < idx && it != 0; i++) {
       10:   15:    it = (u32)(heap_read(it) & 0xFFFFFFFF);
        -:   16:  }
      27*:   17:  u32 bind = (it != 0) ? (u32)(heap_read(it) >> 32) : 0;
       27:   18:  u8  rtag = side == 0 ? DP0 : DP1;
      27*:   19:  return bind ? term_new(0, rtag, lab, bind) : term_new(0, tag, lab, lvl);
        -:   20:}
