        -:    0:Source:../hvm4/clang/wnf/alo_nod.c
        -:    0:Graph:hvm4-cov-main.gcno
        -:    0:Data:hvm4-cov-main.gcda
        -:    0:Runs:22
        -:    1:// @{s} T{a,b,...}
        -:    2:// ---------------- ALO-NOD
        -:    3:// T{@{s}a, @{s}b, ...}
      540:    4:fn Term wnf_alo_nod(u32 ls_loc, u32 len, u32 loc, u8 tag, u32 ext, u32 ari) {
        -:    5:  Term args[16];
     1446:    6:  for (u32 i = 0; i < ari; i++) {
      906:    7:    u64 alo_loc = heap_alloc(1);
      906:    8:    heap_set(alo_loc, ((u64)ls_loc << 32) | (loc + i));
      906:    9:    args[i] = term_new(0, ALO, len, alo_loc);
        -:   10:  }
      540:   11:  return term_new_(tag, ext, ari, args);
        -:   12:}
