        -:    0:Source:../hvm4/clang/wnf/alo_mov.c
        -:    0:Graph:hvm4-cov-main.gcno
        -:    0:Data:hvm4-cov-main.gcda
        -:    0:Runs:22
        -:    1:// @{s} % x = v; t
        -:    2:// ------------------ ALO-MOV
        -:    3:// x' ← fresh
        -:    4:// % x' = @{s} v
        -:    5:// @{x',s} t
    #####:    6:fn Term wnf_alo_mov(u32 ls_loc, u32 len, u32 book_loc) {
    #####:    7:  u64 mov_term_val = heap_alloc(1);
    #####:    8:  u64 bind_ent     = heap_alloc(1);
    #####:    9:  heap_set(bind_ent, ((u64)(u32)mov_term_val << 32) | ls_loc);
    #####:   10:  u64 alo0 = heap_alloc(1);
    #####:   11:  heap_set(alo0, ((u64)ls_loc << 32) | (book_loc + 0));
    #####:   12:  heap_set(mov_term_val, term_new(0, ALO, len, alo0));
    #####:   13:  u64 alo1 = heap_alloc(1);
    #####:   14:  heap_set(alo1, ((u64)ls_loc << 32) | (book_loc + 0));
    #####:   15:  u64 alo2 = heap_alloc(1);
    #####:   16:  heap_set(alo2, ((u64)(u32)bind_ent << 32) | (book_loc + 1));
    #####:   17:  return term_new_mov(term_new(0, ALO, len, alo1), term_new(0, ALO, len + 1, alo2));
        -:   18:}
