        -:    0:Source:../hvm4/clang/term/new/and.c
        -:    0:Graph:main-cov-main.gcno
        -:    0:Data:main-cov-main.gcda
        -:    0:Runs:9
        -:    1:// And(a, b): short-circuit AND, strict on a only
        -:    2:// Layout: heap_read(loc+0) = a, heap_read(loc+1) = b
        -:    3:// Returns b if a is non-zero, #0 if a is zero
    #####:    4:fn Term term_new_and(Term a, Term b) {
    #####:    5:  u32 loc = heap_alloc(2);
    #####:    6:  heap_write(loc + 0, a);
    #####:    7:  heap_write(loc + 1, b);
    #####:    8:  return term_new(0, AND, 0, loc);
        -:    9:}
