        -:    0:Source:../hvm4/clang/wnf/and_sup.c
        -:    0:Graph:hvm4-cov-main.gcno
        -:    0:Data:hvm4-cov-main.gcda
        -:    0:Runs:22
        -:    1:// (&L{a0,a1} .&. b)
        -:    2:// -------------------------- AND-SUP
        -:    3:// ! B &L = b
        -:    4:// &L{(a0 .&. B₀), (a1 .&. B₁)}
    #####:    5:fn Term wnf_and_sup(Term sup, Term b) {
    #####:    6:  ITRS++;
    #####:    7:  u32  lab = term_ext(sup);
    #####:    8:  u32  loc = term_val(sup);
    #####:    9:  Term a0  = heap_read(loc + 0);
    #####:   10:  Term a1  = heap_read(loc + 1);
    #####:   11:  u64  dup_loc = heap_alloc(2);
    #####:   12:  heap_set(dup_loc + 0, b);
    #####:   13:  Term b0 = term_new_dp0(lab, dup_loc);
    #####:   14:  Term b1 = term_new_dp1(lab, dup_loc);
    #####:   15:  Term r0 = term_new_and(a0, b0);
    #####:   16:  Term r1 = term_new_and(a1, b1);
    #####:   17:  return term_new_sup(lab, r0, r1);
        -:   18:}
