        -:    0:Source:../hvm4/clang/wnf/and_inc.c
        -:    0:Graph:main-cov-main.gcno
        -:    0:Data:main-cov-main.gcda
        -:    0:Runs:17
        -:    1:// (↑a & b)
        -:    2:// --------- AND-INC
        -:    3:// ↑(a & b)
    #####:    4:fn Term wnf_and_inc(Term inc, Term b) {
    #####:    5:  ITRS++;
    #####:    6:  u32  inc_loc = term_val(inc);
    #####:    7:  Term a       = heap_read(inc_loc);
    #####:    8:  Term and_tm  = term_new_and(a, b);
    #####:    9:  heap_set(inc_loc, and_tm);
    #####:   10:  return term_new(0, INC, 0, inc_loc);
        -:   11:}
