        -:    0:Source:../hvm4/clang/wnf/app_mat_sup.c
        -:    0:Graph:main-cov-main.gcno
        -:    0:Data:main-cov-main.gcda
        -:    0:Runs:422
        -:    1:// (λ{#K:h; m} &L{a,b})
        -:    2:// -------------------- APP-MAT-SUP
        -:    3:// ! H &L = h
        -:    4:// ! M &L = m
        -:    5:// &L{(λ{#K:H₀; M₀} a)
        -:    6://   ,(λ{#K:H₁; M₁} b)}
    28079:    7:fn Term wnf_app_mat_sup(Term mat, Term sup) {
    28079:    8:  ITRS++;
    28079:    9:  u32  lab = term_ext(sup);
    28079:   10:  Copy M   = term_clone(lab, mat);
    28079:   11:  u32  loc = term_val(sup);
    28079:   12:  Term a   = heap_read(loc + 0);
    28079:   13:  Term b   = heap_read(loc + 1);
    28079:   14:  return term_new_sup(lab, term_new_app(M.k0, a), term_new_app(M.k1, b));
        -:   15:}
