        -:    0:Source:../hvm4/clang/wnf/app_red_sup.c
        -:    0:Graph:main-cov-main.gcno
        -:    0:Data:main-cov-main.gcda
        -:    0:Runs:422
        -:    1:// ((f ~> &L{x,y}) a)
        -:    2:// ------------------ APP-RED-SUP
        -:    3:// ! F &L = f
        -:    4:// ! A &L = a
        -:    5:// &L{((F₀ ~> x) A₀)
        -:    6://   ,((F₁ ~> y) A₁)}
    #####:    7:fn Term wnf_app_red_sup(Term f, Term sup, Term arg) {
    #####:    8:  ITRS++;
    #####:    9:  u32  sup_loc = term_val(sup);
    #####:   10:  u32  lab     = term_ext(sup);
    #####:   11:  Term x       = heap_read(sup_loc + 0);
    #####:   12:  Term y       = heap_read(sup_loc + 1);
    #####:   13:  u64  base    = heap_alloc(12);
    #####:   14:  u32  at      = (u32)base;
    #####:   15:  heap_write(at + 0, f);
    #####:   16:  heap_write(at + 1, arg);
    #####:   17:  Copy F       = term_clone_at(at + 0, lab);
    #####:   18:  Copy A       = term_clone_at(at + 1, lab);
    #####:   19:  Term red0    = term_new_red_at(at + 2, F.k0, x);
    #####:   20:  Term red1    = term_new_red_at(at + 4, F.k1, y);
    #####:   21:  Term app0    = term_new_app_at(at + 6, red0, A.k0);
    #####:   22:  Term app1    = term_new_app_at(at + 8, red1, A.k1);
    #####:   23:  return term_new_sup_at(at + 10, lab, app0, app1);
        -:   24:}
