        -:    0:Source:../hvm4/clang/wnf/app_red_red.c
        -:    0:Graph:main-cov-main.gcno
        -:    0:Data:main-cov-main.gcda
        -:    0:Runs:17
        -:    1:// ((f ~> (g ~> h)) x)
        -:    2:// ------------------- APP-RED-RED
        -:    3:// ((f x) ~> ((g ~> h) x))
    #####:    4:fn Term wnf_app_red_red(Term f, Term red_inner, Term arg) {
    #####:    5:  ITRS++;
    #####:    6:  return term_new_red(term_new_app(f, arg), term_new_app(red_inner, arg));
        -:    7:}
