        -:    0:Source:../hvm4/clang/wnf/app_red_use_inc.c
        -:    0:Graph:main-cov-main.gcno
        -:    0:Data:main-cov-main.gcda
        -:    0:Runs:17
        -:    1:// ((f ~> use) ↑x)
        -:    2:// --------------- APP-RED-USE-INC
        -:    3:// ↑((f ~> use) x)
    #####:    4:fn Term wnf_app_red_use_inc(Term f, Term use, Term inc) {
    #####:    5:  ITRS++;
    #####:    6:  u32  inc_loc = term_val(inc);
    #####:    7:  Term x       = heap_read(inc_loc);
    #####:    8:  Term new_app = term_new_app(term_new_red(f, use), x);
    #####:    9:  return term_new_inc(new_app);
        -:   10:}
