        -:    0:Source:../hvm4/clang/wnf/app_lam.c
        -:    0:Graph:hvm4-cov-main.gcno
        -:    0:Data:hvm4-cov-main.gcda
        -:    0:Runs:22
        -:    1:// (λx.f a)
        -:    2:// -------- APP-LAM
        -:    3:// x ← a
        -:    4:// f
      159:    5:fn Term wnf_app_lam(Term lam, Term arg) {
      159:    6:  ITRS++;
      159:    7:  u32  loc     = term_val(lam);
      159:    8:  u32  lam_ext = term_ext(lam);
      159:    9:  Term body    = heap_read(loc);
      159:   10:  if (lam_ext & LAM_ERA_MASK) {
       17:   11:    return body;
        -:   12:  }
      142:   13:  heap_subst_var(loc, arg);
      142:   14:  return body;
        -:   15:}
