        -:    0:Source:../hvm4/clang/wnf/app_mat_ctr.c
        -:    0:Graph:main-cov-main.gcno
        -:    0:Data:main-cov-main.gcda
        -:    0:Runs:17
        -:    1:// (λ{#K:h; m} #K{a,b})
        -:    2:// -------------------- APP-MAT-CTR-MAT
        -:    3:// (h a b)
        -:    4://
        -:    5:// (λ{#K:h; m} #L{a,b})
        -:    6:// -------------------- APP-MAT-CTR-MIS
        -:    7:// (m #L{a,b})
     1228:    8:fn Term wnf_app_mat_ctr(Term mat, Term ctr) {
     1228:    9:  ITRS++;
     1228:   10:  u32 mat_ext = term_ext(mat);
     1228:   11:  u32 ctr_ext = term_ext(ctr);
     1228:   12:  u32 mat_loc = term_val(mat);
     1228:   13:  if (mat_ext != ctr_ext) {
     1087:   14:    Term g = heap_read(mat_loc + 1);
     1087:   15:    return term_new_app_at(mat_loc, g, ctr);
        -:   16:  }
      141:   17:  u32 ari = term_tag(ctr) - C00;
      141:   18:  Term res = heap_read(mat_loc);
      141:   19:  if (ari == 0) {
       12:   20:    return res;
        -:   21:  }
      129:   22:  u32 ctr_loc = term_val(ctr);
      129:   23:  u64 apps = heap_alloc(2 * (u64)ari);
      476:   24:  for (u32 i = 0; i < ari; i++) {
      347:   25:    res = term_new_app_at((u32)(apps + 2 * (u64)i), res, heap_read(ctr_loc + i));
        -:   26:  }
      129:   27:  return res;
        -:   28:}
