        -:    0:Source:../hvm4/clang/wnf/app_red_use_val.c
        -:    0:Graph:main-cov-main.gcno
        -:    0:Data:main-cov-main.gcda
        -:    0:Runs:422
        -:    1:// ((f ~> λ{g}) x)
        -:    2:// --------------- APP-RED-USE-VAL
        -:    3:// (f x) ~> (g x)
    #####:    4:fn Term wnf_app_red_use_val(Term f, Term use, Term val) {
    #####:    5:  ITRS++;
    #####:    6:  u32  use_loc = term_val(use);
    #####:    7:  Term g       = heap_read(use_loc);
    #####:    8:  return term_new_red(term_new_app(f, val), term_new_app(g, val));
        -:    9:}
