        -:    0:Source:../hvm4/clang/wnf/app_mat_ctr.c
        -:    0:Graph:main-cov-main.gcno
        -:    0:Data:main-cov-main.gcda
        -:    0:Runs:9
        -:    1:// (λ{#K:h; m} #K{a,b})
        -:    2:// -------------------- APP-MAT-CTR-MAT
        -:    3:// (h a b)
        -:    4://
        -:    5:// (λ{#K:h; m} #L{a,b})
        -:    6:// -------------------- APP-MAT-CTR-MIS
        -:    7:// (m #L{a,b})
      696:    8:fn Term wnf_app_mat_ctr(Term mat, Term ctr) {
      696:    9:  ITRS++;
      696:   10:  u32 mat_ext = term_ext(mat);
      696:   11:  u32 ctr_ext = term_ext(ctr);
      696:   12:  u32 mat_loc = term_val(mat);
      696:   13:  if (mat_ext != ctr_ext) {
      652:   14:    Term g = heap_read(mat_loc + 1);
      652:   15:    return term_new_app_at(mat_loc, g, ctr);
        -:   16:  }
       44:   17:  u32 ari = term_tag(ctr) - C00;
       44:   18:  Term res = heap_read(mat_loc);
       44:   19:  if (ari == 0) {
        2:   20:    return res;
        -:   21:  }
       42:   22:  u32 ctr_loc = term_val(ctr);
       42:   23:  u64 apps = heap_alloc(2 * (u64)ari);
      163:   24:  for (u32 i = 0; i < ari; i++) {
      121:   25:    res = term_new_app_at((u32)(apps + 2 * (u64)i), res, heap_read(ctr_loc + i));
        -:   26:  }
       42:   27:  return res;
        -:   28:}
