        -:    0:Source:../hvm4/clang/wnf/app_red_mat_inc.c
        -:    0:Graph:hvm4-cov-main.gcno
        -:    0:Data:hvm4-cov-main.gcda
        -:    0:Runs:22
        -:    1:// ((f ~> mat) ↑x)
        -:    2:// --------------- APP-RED-MAT-INC
        -:    3:// ↑((f ~> mat) x)
    #####:    4:fn Term wnf_app_red_mat_inc(Term f, Term mat, Term inc) {
    #####:    5:  ITRS++;
    #####:    6:  u32  inc_loc = term_val(inc);
    #####:    7:  Term x       = heap_read(inc_loc);
    #####:    8:  Term new_app = term_new_app(term_new_red(f, mat), x);
    #####:    9:  return term_new_inc(new_app);
        -:   10:}
