        -:    0:Source:../hvm4/clang/term/arity.c
        -:    0:Graph:main-cov-main.gcno
        -:    0:Data:main-cov-main.gcda
        -:    0:Runs:422
        -:    1:static const u8 TERM_ARITY[TAG_MASK + 1] = {
        -:    2:  [APP] = 2,
        -:    3:  [VAR] = 0,
        -:    4:  [LAM] = 1,
        -:    5:  [DP0] = 0,
        -:    6:  [DP1] = 0,
        -:    7:  [SUP] = 2,
        -:    8:  [DUP] = 2,
        -:    9:  [ALO] = 0,
        -:   10:  [REF] = 0,
        -:   11:  [NAM] = 0,
        -:   12:  [DRY] = 2,
        -:   13:  [ERA] = 0,
        -:   14:  [MAT] = 2,
        -:   15:  [C00] = 0,
        -:   16:  [C01] = 1,
        -:   17:  [C02] = 2,
        -:   18:  [C03] = 3,
        -:   19:  [C04] = 4,
        -:   20:  [C05] = 5,
        -:   21:  [C06] = 6,
        -:   22:  [C07] = 7,
        -:   23:  [C08] = 8,
        -:   24:  [C09] = 9,
        -:   25:  [C10] = 10,
        -:   26:  [C11] = 11,
        -:   27:  [C12] = 12,
        -:   28:  [C13] = 13,
        -:   29:  [C14] = 14,
        -:   30:  [C15] = 15,
        -:   31:  [C16] = 16,
        -:   32:  [NUM] = 0,
        -:   33:  [SWI] = 2,
        -:   34:  [USE] = 1,
        -:   35:  [OP2] = 2,
        -:   36:  [DSU] = 3,
        -:   37:  [DDU] = 3,
        -:   38:  [RED] = 2,
        -:   39:  [EQL] = 2,
        -:   40:  [AND] = 2,
        -:   41:  [OR] = 2,
        -:   42:  [UNS] = 1,
        -:   43:  [ANY] = 0,
        -:   44:  [INC] = 1,
        -:   45:  [BJV] = 0,
        -:   46:  [BJ0] = 0,
        -:   47:  [BJ1] = 0,
        -:   48:  [BJM] = 0,
        -:   49:  [MOV] = 2,
        -:   50:  [GOT] = 0,
        -:   51:};
        -:   52:
 30168745:   53:fn u32 term_arity(Term t) {
 30168745:   54:  u8 tag = term_tag(t);
 30168745:   55:  return TERM_ARITY[tag];
        -:   56:}
