        -:    0:Source:../hvm4/clang/nick/b64_to_letter.c
        -:    0:Graph:hvm4-cov-main.gcno
        -:    0:Data:hvm4-cov-main.gcda
        -:    0:Runs:22
    #####:    1:fn char nick_b64_to_letter(int b64) {
    #####:    2:  if (b64 == 0) {
    #####:    3:    return '_';
        -:    4:  }
    #####:    5:  if (b64 >= 1 && b64 <= 26) {
    #####:    6:    return 'a' + (b64 - 1);
        -:    7:  }
    #####:    8:  if (b64 >= 27 && b64 <= 52) {
    #####:    9:    return 'A' + (b64 - 27);
        -:   10:  }
    #####:   11:  if (b64 >= 53 && b64 <= 62) {
    #####:   12:    return '0' + (b64 - 53);
        -:   13:  }
    #####:   14:  if (b64 == 63) {
    #####:   15:    return '$';
        -:   16:  }
    #####:   17:  return '?';
        -:   18:}
