        -:    0:Source:../hvm4/clang/parse/term/chr.c
        -:    0:Graph:hvm4-cov-main.gcno
        -:    0:Data:hvm4-cov-main.gcda
        -:    0:Runs:22
    #####:    1:fn Term parse_term_chr(PState *s) {
    #####:    2:  parse_advance(s);
        -:    3:  u32 c;
    #####:    4:  if (parse_peek(s) == '\\') {
    #####:    5:    parse_advance(s);
    #####:    6:    c = (u32)(u8)parse_peek(s);
    #####:    7:    parse_advance(s);
        -:    8:  } else {
    #####:    9:    c = parse_utf8(s);
        -:   10:  }
    #####:   11:  parse_consume(s, "'");
    #####:   12:  Term n = term_new_num(c);
    #####:   13:  return term_new_ctr(NAM_CHR, 1, &n);
        -:   14:}
