        -:    0:Source:../hvm4/clang/term/new/ctr.c
        -:    0:Graph:hvm4-cov-main.gcno
        -:    0:Data:hvm4-cov-main.gcda
        -:    0:Runs:22
      211:    1:fn Term term_new_ctr_at(u32 loc, u32 nam, u32 ari, Term *args) {
      211:    2:  return term_new_at(loc, C00 + ari, nam, ari, args);
        -:    3:}
        -:    4:
      211:    5:fn Term term_new_ctr(u32 nam, u32 ari, Term *args) {
      211:    6:  return term_new_ctr_at(heap_alloc(ari), nam, ari, args);
        -:    7:}
