        -:    0:Source:../hvm4/clang/wnf/ddu_num.c
        -:    0:Graph:hvm4-cov-main.gcno
        -:    0:Data:hvm4-cov-main.gcda
        -:    0:Runs:22
        -:    1:// ! X &(#n) = v; b
        -:    2:// ---------------- DDU-NUM
        -:    3:// ! X &n = v
        -:    4:// b
        1:    5:fn Term wnf_ddu_num(Term lab_num, Term val, Term bod) {
        1:    6:  ITRS++;
        1:    7:  u32 lab      = term_val(lab_num);
        1:    8:  u64 dup_loc  = heap_alloc(2);
        1:    9:  Term dp0     = term_new_dp0(lab, dup_loc);
        1:   10:  Term dp1     = term_new_dp1(lab, dup_loc);
        1:   11:  Term app0    = term_new_app(bod, dp0);
        1:   12:  Term app1    = term_new_app(app0, dp1);
        1:   13:  heap_set(dup_loc + 0, val);
        1:   14:  heap_set(dup_loc + 1, app1);
        1:   15:  return term_new(0, DUP, lab, dup_loc);
        -:   16:}
