        -:    0:Source:../hvm4/clang/wnf/ddu_inc.c
        -:    0:Graph:hvm4-cov-main.gcno
        -:    0:Data:hvm4-cov-main.gcda
        -:    0:Runs:22
        -:    1:// ! X &(↑x) = v; b
        -:    2:// ---------------- DDU-INC
        -:    3:// ↑(! X &(x) = v; b)
    #####:    4:fn Term wnf_ddu_inc(Term inc, Term val, Term bod) {
    #####:    5:  ITRS++;
    #####:    6:  u32  inc_loc = term_val(inc);
    #####:    7:  Term x       = heap_read(inc_loc);
    #####:    8:  Term new_ddu = term_new_ddu(x, val, bod);
    #####:    9:  return term_new_inc(new_ddu);
        -:   10:}
