        -:    0:Source:../hvm4/clang/wnf/ddu_sup.c
        -:    0:Graph:main-cov-main.gcno
        -:    0:Data:main-cov-main.gcda
        -:    0:Runs:9
        -:    1:// ! X &(&L{x,y}) = v; b
        -:    2:// ------------------------------ DDU-SUP
        -:    3:// ! V &L = v
        -:    4:// ! B &L = b
        -:    5:// &L{! X &(x) = V₀; B₀, ! X &(y) = V₁; B₁}
    #####:    6:fn Term wnf_ddu_sup(Term lab_sup, Term val, Term bod) {
    #####:    7:  ITRS++;
    #####:    8:  u32  lab     = term_ext(lab_sup);
    #####:    9:  u32  sup_loc = term_val(lab_sup);
        -:   10:  Copy V;
        -:   11:  Copy B;
    #####:   12:  term_clone2(lab, val, bod, &V, &B);
    #####:   13:  Term dd0     = term_new_ddu(heap_read(sup_loc + 0), V.k0, B.k0);
    #####:   14:  Term dd1     = term_new_ddu(heap_read(sup_loc + 1), V.k1, B.k1);
    #####:   15:  return term_new_sup(lab, dd0, dd1);
        -:   16:}
