        -:    0:Source:../hvm4/clang/parse/def.c
        -:    0:Graph:main-cov-main.gcno
        -:    0:Data:main-cov-main.gcda
        -:    0:Runs:9
     3366:    1:fn void parse_def(PState *s) {
     3366:    2:  parse_skip(s);
     3366:    3:  if (parse_at_end(s)) {
       18:    4:    return;
        -:    5:  }
     3348:    6:  if (parse_match(s, "#include")) {
    #####:    7:    parse_include(s);
    #####:    8:    parse_def(s);
    #####:    9:    return;
        -:   10:  }
     3348:   11:  if (parse_match(s, "@")) {
     3348:   12:    u32 nam = parse_name_ref(s);
     3348:   13:    parse_consume(s, "=");
     3348:   14:    PARSE_BINDS_LEN = 0;
     3348:   15:    Term val        = parse_term(s, 0);
     3348:   16:    u64  loc        = heap_alloc(1);
     3348:   17:    HEAP[loc]       = val;
     3348:   18:    BOOK[nam]       = (u32)loc;
     3348:   19:    parse_def(s);
     3348:   20:    return;
        -:   21:  }
    #####:   22:  parse_error(s, "definition or #include", parse_peek(s));
        -:   23:}
