        -:    0:Source:../hvm4/clang/term/new/dsu.c
        -:    0:Graph:hvm4-cov-main.gcno
        -:    0:Data:hvm4-cov-main.gcda
        -:    0:Runs:22
        -:    1:// DynSup(lab, a, b): dynamic superposition, strict on lab
        -:    2:// Layout: heap_read(loc+0) = lab, heap_read(loc+1) = a, heap_read(loc+2) = b
        1:    3:fn Term term_new_dsu(Term lab, Term a, Term b) {
        1:    4:  u32 loc = heap_alloc(3);
        1:    5:  heap_write(loc + 0, lab);
        1:    6:  heap_write(loc + 1, a);
        1:    7:  heap_write(loc + 2, b);
        1:    8:  return term_new(0, DSU, 0, loc);
        -:    9:}
