        -:    0:Source:../hvm4/clang/wnf/dsu_inc.c
        -:    0:Graph:main-cov-main.gcno
        -:    0:Data:main-cov-main.gcda
        -:    0:Runs:422
        -:    1:// &(↑x){a, b}
        -:    2:// ------------ DSU-INC
        -:    3:// ↑(&(x){a, b})
    #####:    4:fn Term wnf_dsu_inc(Term inc, Term a, Term b) {
    #####:    5:  ITRS++;
    #####:    6:  u32  inc_loc = term_val(inc);
    #####:    7:  Term x       = heap_read(inc_loc);
    #####:    8:  Term new_dsu = term_new_dsu(x, a, b);
    #####:    9:  return term_new_inc(new_dsu);
        -:   10:}
