        -:    0:Source:../hvm4/clang/wnf/dsu_sup.c
        -:    0:Graph:main-cov-main.gcno
        -:    0:Data:main-cov-main.gcda
        -:    0:Runs:9
        -:    1:// &(&L{x,y}){a, b}
        -:    2:// -------------------------- DSU-SUP
        -:    3:// ! A &L = a
        -:    4:// ! B &L = b
        -:    5:// &L{&(x){A₀,B₀}, &(y){A₁,B₁}}
    #####:    6:fn Term wnf_dsu_sup(Term lab_sup, Term a, Term b) {
    #####:    7:  ITRS++;
    #####:    8:  u32  lab     = term_ext(lab_sup);
    #####:    9:  u32  sup_loc = term_val(lab_sup);
        -:   10:  Copy A;
        -:   11:  Copy B;
    #####:   12:  term_clone2(lab, a, b, &A, &B);
    #####:   13:  Term ds0     = term_new_dsu(heap_read(sup_loc + 0), A.k0, B.k0);
    #####:   14:  Term ds1     = term_new_dsu(heap_read(sup_loc + 1), A.k1, B.k1);
    #####:   15:  return term_new_sup(lab, ds0, ds1);
        -:   16:}
