        -:    0:Source:../hvm4/clang/term/new/dup.c
        -:    0:Graph:main-cov-main.gcno
        -:    0:Data:main-cov-main.gcda
        -:    0:Runs:422
   621651:    1:fn Term term_new_dup_at(u32 loc, u32 lab, Term val, Term bod) {
   621651:    2:  return term_new_at(loc, DUP, lab, 2, (Term[]){val, bod});
        -:    3:}
        -:    4:
   621651:    5:fn Term term_new_dup(u32 lab, Term val, Term bod) {
   621651:    6:  return term_new_dup_at(heap_alloc(2), lab, val, bod);
        -:    7:}
