        -:    0:Source:../hvm4/clang/term/new/dup.c
        -:    0:Graph:hvm4-cov-main.gcno
        -:    0:Data:hvm4-cov-main.gcda
        -:    0:Runs:22
       18:    1:fn Term term_new_dup_at(u32 loc, u32 lab, Term val, Term bod) {
       18:    2:  return term_new_at(loc, DUP, lab, 2, (Term[]){val, bod});
        -:    3:}
        -:    4:
       18:    5:fn Term term_new_dup(u32 lab, Term val, Term bod) {
       18:    6:  return term_new_dup_at(heap_alloc(2), lab, val, bod);
        -:    7:}
