        -:    0:Source:../hvm4/clang/wnf/dup_sup.c
        -:    0:Graph:main-cov-main.gcno
        -:    0:Data:main-cov-main.gcda
        -:    0:Runs:422
        -:    1:// ! X &L = &R{a,b}
        -:    2:// ---------------- DUP-SUP
        -:    3:// if L == R:
        -:    4://   X₀ ← a
        -:    5://   X₁ ← b
        -:    6:// else:
        -:    7://   ! A &L = a
        -:    8://   ! B &L = b
        -:    9://   X₀ ← &R{A₀,B₀}
        -:   10://   X₁ ← &R{A₁,B₁}
    56205:   11:fn Term wnf_dup_sup(u32 lab, u32 loc, u8 side, Term sup) {
    56205:   12:  ITRS++;
    56205:   13:  u32 sup_loc = term_val(sup);
    56205:   14:  u32 sup_lab = term_ext(sup);
    56205:   15:  if (lab == sup_lab) {
    40134:   16:    Term tm0 = heap_read(sup_loc + 0);
    40134:   17:    Term tm1 = heap_read(sup_loc + 1);
    40134:   18:    return heap_subst_cop(side, loc, tm0, tm1);
        -:   19:  } else {
    16071:   20:    u64 base = heap_alloc(6);
    16071:   21:    u32 at   = (u32)base;
    16071:   22:    heap_write(at + 0, heap_read(sup_loc + 0));
    16071:   23:    heap_write(at + 1, heap_read(sup_loc + 1));
    16071:   24:    Copy A  = term_clone_at(at + 0, lab);
    16071:   25:    Copy B  = term_clone_at(at + 1, lab);
    16071:   26:    Term s0 = term_new_sup_at(at + 2, sup_lab, A.k0, B.k0);
    16071:   27:    Term s1 = term_new_sup_at(at + 4, sup_lab, A.k1, B.k1);
    16071:   28:    return heap_subst_cop(side, loc, s0, s1);
        -:   29:  }
        -:   30:}
