        -:    0:Source:../hvm4/clang/wnf/dup_dry.c
        -:    0:Graph:main-cov-main.gcno
        -:    0:Data:main-cov-main.gcda
        -:    0:Runs:17
        -:    1:// ! X &L = ^(f x)
        -:    2:// --------------- DUP-DRY
        -:    3:// ! F &L = f
        -:    4:// ! A &L = x
        -:    5:// X₀ ← ^(F₀ A₀)
        -:    6:// X₁ ← ^(F₁ A₁)
    #####:    7:fn Term wnf_dup_dry(u32 lab, u32 loc, u8 side, Term dry) {
    #####:    8:  ITRS++;
    #####:    9:  u32  d_loc = term_val(dry);
    #####:   10:  u64  base  = heap_alloc(6);
    #####:   11:  u32  at    = (u32)base;
    #####:   12:  heap_write(at + 0, heap_read(d_loc + 0));
    #####:   13:  heap_write(at + 1, heap_read(d_loc + 1));
    #####:   14:  Copy F     = term_clone_at(at + 0, lab);
    #####:   15:  Copy A     = term_clone_at(at + 1, lab);
    #####:   16:  Term r0    = term_new_dry_at(at + 2, F.k0, A.k0);
    #####:   17:  Term r1    = term_new_dry_at(at + 4, F.k1, A.k1);
    #####:   18:  return heap_subst_cop(side, loc, r0, r1);
        -:   19:}
