        -:    0:Source:../hvm4/clang/wnf/eql_any.c
        -:    0:Graph:main-cov-main.gcno
        -:    0:Data:main-cov-main.gcda
        -:    0:Runs:17
        -:    1:// (* === b)
        -:    2:// ----------- EQL-ANY-L
        -:    3:// 1
    #####:    4:fn Term wnf_eql_any_l(void) {
    #####:    5:  ITRS++;
    #####:    6:  return term_new_num(1);
        -:    7:}
        -:    8:
        -:    9:// (a === *)
        -:   10:// ----------- EQL-ANY-R
        -:   11:// 1
    #####:   12:fn Term wnf_eql_any_r(void) {
    #####:   13:  ITRS++;
    #####:   14:  return term_new_num(1);
        -:   15:}
