        -:    0:Source:../hvm4/clang/wnf/eql_nam.c
        -:    0:Graph:main-cov-main.gcno
        -:    0:Data:main-cov-main.gcda
        -:    0:Runs:422
        -:    1:// (name === name)  (same tag/ext/val)
        -:    2:// -----------------------------------
        -:    3:// #1
        -:    4://
        -:    5:// (name === other) (different tag/ext/val)
        -:    6:// ----------------------------------------
        -:    7:// #0
    #####:    8:fn Term wnf_eql_nam(Term a, Term b) {
    #####:    9:  ITRS++;
    #####:   10:  u8  a_tag = term_tag(a);
    #####:   11:  u8  b_tag = term_tag(b);
    #####:   12:  u32 a_ext = term_ext(a);
    #####:   13:  u32 b_ext = term_ext(b);
    #####:   14:  u32 a_val = term_val(a);
    #####:   15:  u32 b_val = term_val(b);
    #####:   16:  return term_new_num((a_tag == b_tag) && (a_ext == b_ext) && (a_val == b_val));
        -:   17:}
