        -:    0:Source:../hvm4/clang/wnf/eql_inc.c
        -:    0:Graph:hvm4-cov-main.gcno
        -:    0:Data:hvm4-cov-main.gcda
        -:    0:Runs:22
        -:    1:// (↑a === b)
        -:    2:// ----------- EQL-INC-L
        -:    3:// ↑(a === b)
    #####:    4:fn Term wnf_eql_inc_l(Term inc, Term b) {
    #####:    5:  ITRS++;
    #####:    6:  u32  inc_loc = term_val(inc);
    #####:    7:  Term a       = heap_read(inc_loc);
    #####:    8:  Term eql     = term_new_eql(a, b);
    #####:    9:  heap_set(inc_loc, eql);
    #####:   10:  return term_new(0, INC, 0, inc_loc);
        -:   11:}
        -:   12:
        -:   13:// (a === ↑b)
        -:   14:// ----------- EQL-INC-R
        -:   15:// ↑(a === b)
    #####:   16:fn Term wnf_eql_inc_r(Term a, Term inc) {
    #####:   17:  ITRS++;
    #####:   18:  u32  inc_loc = term_val(inc);
    #####:   19:  Term b       = heap_read(inc_loc);
    #####:   20:  Term eql     = term_new_eql(a, b);
    #####:   21:  heap_set(inc_loc, eql);
    #####:   22:  return term_new(0, INC, 0, inc_loc);
        -:   23:}
