        -:    0:Source:../hvm4/clang/wnf/eql_mat.c
        -:    0:Graph:main-cov-main.gcno
        -:    0:Data:main-cov-main.gcda
        -:    0:Runs:422
        -:    1:// (λ{#K:ah;am} === λ{#K:bh;bm})  (same tag)
        -:    2:// ----------------------------------------- EQL-MAT-MAT
        -:    3:// (ah === bh) & (am === bm)
        -:    4://
        -:    5:// (λ{#K:...} === λ{#L:...})  (different tag)
        -:    6:// ----------------------------------------- EQL-MAT-MIS
        -:    7:// #0
    #####:    8:fn Term wnf_eql_mat(Term a, Term b) {
    #####:    9:  ITRS++;
    #####:   10:  u32 a_ext = term_ext(a);
    #####:   11:  u32 b_ext = term_ext(b);
        -:   12:
        -:   13:  // Different match tags -> #0
    #####:   14:  if (a_ext != b_ext) {
    #####:   15:    return term_new_num(0);
        -:   16:  }
        -:   17:
    #####:   18:  u32  a_loc = term_val(a);
    #####:   19:  u32  b_loc = term_val(b);
    #####:   20:  Term ah    = heap_read(a_loc + 0);
    #####:   21:  Term am    = heap_read(a_loc + 1);
    #####:   22:  Term bh    = heap_read(b_loc + 0);
    #####:   23:  Term bm    = heap_read(b_loc + 1);
        -:   24:
        -:   25:  // (ah === bh) .&. (am === bm)
    #####:   26:  Term eq_h = term_new_eql(ah, bh);
    #####:   27:  Term eq_m = term_new_eql(am, bm);
    #####:   28:  return term_new_and(eq_h, eq_m);
        -:   29:}
