        -:    0:Source:../hvm4/clang/parse/error_var.c
        -:    0:Graph:main-cov-main.gcno
        -:    0:Data:main-cov-main.gcda
        -:    0:Runs:9
    #####:    1:fn void parse_error_var(const char *fmt, u32 nam) {
        -:    2:  char buf[16];
    #####:    3:  nick_to_str(nam, buf, sizeof(buf));
    #####:    4:  fprintf(stderr, "\033[1;31mPARSE_ERROR\033[0m\n");
    #####:    5:  fprintf(stderr, fmt, buf);
    #####:    6:  exit(1);
        -:    7:}
        -:    8:
    #####:    9:fn void parse_error_affine(u32 nam, u32 uses, int is_dup, const char *hint) {
    #####:   10:  fprintf(stderr, "\033[1;31mPARSE_ERROR\033[0m\n");
    #####:   11:  fprintf(stderr, "- %svariable '", is_dup ? "dup " : "");
    #####:   12:  print_name(stderr, nam);
    #####:   13:  if (is_dup) {
    #####:   14:    fprintf(stderr, "' used %d times (max 2 with ₀ and ₁)\n", uses);
        -:   15:  } else {
    #####:   16:    fprintf(stderr, "' used %d times (not cloned)\n", uses);
    #####:   17:    fprintf(stderr, "- hint: use %s to allow multiple uses\n", hint);
        -:   18:  }
    #####:   19:  exit(1);
        -:   20:}
        -:   21:
    #####:   22:fn void parse_error_affine_side(u32 nam, int side, u32 uses) {
    #####:   23:  fprintf(stderr, "\033[1;31mPARSE_ERROR\033[0m\n");
    #####:   24:  fprintf(stderr, "- dup variable '");
    #####:   25:  print_name(stderr, nam);
    #####:   26:  fprintf(stderr, "%s' used %d times (not cloned)\n", side == 0 ? "₀" : "₁", uses);
    #####:   27:  fprintf(stderr, "- hint: use &");
    #####:   28:  print_name(stderr, nam);
    #####:   29:  fprintf(stderr, " to allow multiple uses\n");
    #####:   30:  exit(1);
        -:   31:}
