        -:    0:Source:../hvm4/clang/sys/file_read.c
        -:    0:Graph:main-cov-main.gcno
        -:    0:Data:main-cov-main.gcda
        -:    0:Runs:9
       18:    1:fn char *sys_file_read(const char *path) {
       18:    2:  FILE *fp = fopen(path, "rb");
       18:    3:  if (!fp) {
    #####:    4:    return NULL;
        -:    5:  }
       18:    6:  fseek(fp, 0, SEEK_END);
       18:    7:  long len = ftell(fp);
       18:    8:  fseek(fp, 0, SEEK_SET);
       18:    9:  char *src = malloc(len + 1);
       18:   10:  if (!src) {
    #####:   11:    sys_error("OOM");
        -:   12:  }
       18:   13:  fread(src, 1, len, fp);
       18:   14:  src[len] = 0;
       18:   15:  fclose(fp);
       18:   16:  return src;
        -:   17:}
