        -:    0:Source:../hvm4/clang/sys/file_read.c
        -:    0:Graph:main-cov-main.gcno
        -:    0:Data:main-cov-main.gcda
        -:    0:Runs:17
       32:    1:fn char *sys_file_read(const char *path) {
       32:    2:  FILE *fp = fopen(path, "rb");
       32:    3:  if (!fp) {
    #####:    4:    return NULL;
        -:    5:  }
       32:    6:  fseek(fp, 0, SEEK_END);
       32:    7:  long len = ftell(fp);
       32:    8:  fseek(fp, 0, SEEK_SET);
       32:    9:  char *src = malloc(len + 1);
       32:   10:  if (!src) {
    #####:   11:    sys_error("OOM");
        -:   12:  }
       32:   13:  fread(src, 1, len, fp);
       32:   14:  src[len] = 0;
       32:   15:  fclose(fp);
       32:   16:  return src;
        -:   17:}
