        -:    0:Source:../hvm4/clang/nick/letter_to_b64.c
        -:    0:Graph:main-cov-main.gcno
        -:    0:Data:main-cov-main.gcda
        -:    0:Runs:9
   722072:    1:fn int nick_letter_to_b64(char c) {
   722072:    2:  if (c == '_') {
    32517:    3:    return 0;
        -:    4:  }
   689555:    5:  if (c >= 'a' && c <= 'z') {
   531974:    6:    return 1 + (c - 'a');
        -:    7:  }
   157581:    8:  if (c >= 'A' && c <= 'Z') {
    71784:    9:    return 27 + (c - 'A');
        -:   10:  }
    85797:   11:  if (c >= '0' && c <= '9') {
     1269:   12:    return 53 + (c - '0');
        -:   13:  }
    84528:   14:  if (c == '$') {
    #####:   15:    return 63;
        -:   16:  }
    84528:   17:  return -1;
        -:   18:}
