        -:    0:Source:../hvm4/clang/parse/term/lst.c
        -:    0:Graph:hvm4-cov-main.gcno
        -:    0:Data:hvm4-cov-main.gcda
        -:    0:Runs:22
        -:    1:fn Term parse_term(PState *s, u32 depth);
        -:    2:
       15:    3:fn Term parse_term_lst(PState *s, u32 depth) {
       15:    4:  parse_advance(s);
       15:    5:  parse_skip(s);
       15:    6:  if (parse_peek(s) == ']') { parse_advance(s); return term_new_ctr(NAM_NIL, 0, 0); }
       13:    7:  Term es[4096]; u32 n = 0;
       54:    8:  while (parse_peek(s) != ']') {
       41:    9:    es[n++] = parse_term(s, depth);
       41:   10:    parse_skip(s);
       41:   11:    parse_match(s, ",");  // optional comma
       41:   12:    parse_skip(s);
        -:   13:  }
       13:   14:  parse_consume(s, "]");
       13:   15:  Term t = term_new_ctr(NAM_NIL, 0, 0);
       54:   16:  for (int i = n - 1; i >= 0; i--) {
       41:   17:    Term a[2] = {es[i], t};
       41:   18:    t = term_new_ctr(NAM_CON, 2, a);
        -:   19:  }
       13:   20:  return t;
        -:   21:}
