        -:    0:Source:../hvm4/clang/parse/term/lst.c
        -:    0:Graph:main-cov-main.gcno
        -:    0:Data:main-cov-main.gcda
        -:    0:Runs:17
        -:    1:fn Term parse_term(PState *s, u32 depth);
        -:    2:
    #####:    3:fn Term parse_term_lst(PState *s, u32 depth) {
    #####:    4:  parse_advance(s);
    #####:    5:  parse_skip(s);
    #####:    6:  if (parse_peek(s) == ']') { parse_advance(s); return term_new_ctr(NAM_NIL, 0, 0); }
    #####:    7:  Term es[4096]; u32 n = 0;
    #####:    8:  while (parse_peek(s) != ']') {
    #####:    9:    es[n++] = parse_term(s, depth);
    #####:   10:    parse_skip(s);
    #####:   11:    parse_match(s, ",");  // optional comma
    #####:   12:    parse_skip(s);
        -:   13:  }
    #####:   14:  parse_consume(s, "]");
    #####:   15:  Term t = term_new_ctr(NAM_NIL, 0, 0);
    #####:   16:  for (int i = n - 1; i >= 0; i--) {
    #####:   17:    Term a[2] = {es[i], t};
    #####:   18:    t = term_new_ctr(NAM_CON, 2, a);
        -:   19:  }
    #####:   20:  return t;
        -:   21:}
