        -:    0:Source:../hvm4/clang/term/new/mat.c
        -:    0:Graph:hvm4-cov-main.gcno
        -:    0:Data:hvm4-cov-main.gcda
        -:    0:Runs:22
    #####:    1:fn Term term_new_mat_at(u32 loc, u32 nam, Term val, Term nxt) {
    #####:    2:  return term_new_at(loc, MAT, nam, 2, (Term[]){val, nxt});
        -:    3:}
        -:    4:
        -:    5:fn Term term_new_mat(u32 nam, Term val, Term nxt) {
        -:    6:  return term_new_mat_at(heap_alloc(2), nam, val, nxt);
        -:    7:}
