        -:    0:Source:../hvm4/clang/wnf/mov_dry.c
        -:    0:Graph:main-cov-main.gcno
        -:    0:Data:main-cov-main.gcda
        -:    0:Runs:17
        -:    1:// % X = ^(f x)
        -:    2:// -------------- MOV-DRY
        -:    3:// % F = f
        -:    4:// % A = x
        -:    5:// X ← ^(F A)
    #####:    6:fn Term wnf_mov_dry(u32 loc, Term dry) {
    #####:    7:  ITRS++;
    #####:    8:  u32  d_loc = term_val(dry);
    #####:    9:  u64  base  = heap_alloc(4);
    #####:   10:  u32  at    = (u32)base;
    #####:   11:  heap_write(at + 0, heap_read(d_loc + 0));
    #####:   12:  heap_write(at + 1, heap_read(d_loc + 1));
    #####:   13:  Term f     = term_new_got(at + 0);
    #####:   14:  Term a     = term_new_got(at + 1);
    #####:   15:  Term res   = term_new_dry_at(at + 2, f, a);
    #####:   16:  heap_subst_var(loc, res);
    #####:   17:  return res;
        -:   18:}
