        -:    0:Source:../hvm4/clang/wnf/mov_sup.c
        -:    0:Graph:main-cov-main.gcno
        -:    0:Data:main-cov-main.gcda
        -:    0:Runs:17
        -:    1:// % K = &L{x,y}
        -:    2:// ------------- MOV-SUP
        -:    3:// % A = x
        -:    4:// % B = y
        -:    5:// K ← &L{A,B}
    #####:    6:fn Term wnf_mov_sup(u32 loc, Term sup) {
    #####:    7:  ITRS++;
    #####:    8:  u32  s_loc = term_val(sup);
    #####:    9:  u32  s_lab = term_ext(sup);
    #####:   10:  u64  base  = heap_alloc(4);
    #####:   11:  u32  at    = (u32)base;
    #####:   12:  heap_write(at + 0, heap_read(s_loc + 0));
    #####:   13:  heap_write(at + 1, heap_read(s_loc + 1));
    #####:   14:  Term a     = term_new_got(at + 0);
    #####:   15:  Term b     = term_new_got(at + 1);
    #####:   16:  Term res   = term_new_sup_at(at + 2, s_lab, a, b);
    #####:   17:  heap_subst_var(loc, res);
    #####:   18:  return res;
        -:   19:}
