        -:    0:Source:../hvm4/clang/print/name.c
        -:    0:Graph:main-cov-main.gcno
        -:    0:Data:main-cov-main.gcda
        -:    0:Runs:17
        -:    1:// Prints nick-encoded names (base64-like alphabet) used by parser/printer round-trip.
       89:    2:fn void print_name(FILE *f, u32 n) {
       89:    3:  if (n < 64) {
       29:    4:    fputc(nick_alphabet[n], f);
        -:    5:  } else {
       60:    6:    print_name(f, n / 64);
       60:    7:    fputc(nick_alphabet[n % 64], f);
        -:    8:  }
       89:    9:}
