        -:    0:Source:../hvm4/clang/term/new/op2.c
        -:    0:Graph:main-cov-main.gcno
        -:    0:Data:main-cov-main.gcda
        -:    0:Runs:9
        -:    1:// Op2(opr, x, y): binary operation, strict on x first
        -:    2:// Layout: heap_read(loc+0) = x, heap_read(loc+1) = y
        -:    3:// EXT field = operation code (OP_ADD, OP_MUL, etc.)
      972:    4:fn Term term_new_op2(u32 opr, Term x, Term y) {
      972:    5:  u32 loc = heap_alloc(2);
      972:    6:  heap_write(loc + 0, x);
      972:    7:  heap_write(loc + 1, y);
      972:    8:  return term_new(0, OP2, opr, loc);
        -:    9:}
