        -:    0:Source:../hvm4/clang/wnf/op2_num_sup.c
        -:    0:Graph:main-cov-main.gcno
        -:    0:Data:main-cov-main.gcda
        -:    0:Runs:9
        -:    1:// (x op &L{a,b}) where x is NUM
        -:    2:// ------------------------- OP2-NUM-SUP
        -:    3:// ! X &L = x
        -:    4:// &L{(X₀ op a), (X₁ op b)}
    #####:    5:fn Term wnf_op2_num_sup(u32 opr, Term x, Term sup) {
    #####:    6:  ITRS++;
    #####:    7:  u32  lab     = term_ext(sup);
    #####:    8:  u32  sup_loc = term_val(sup);
    #####:    9:  Copy X       = term_clone(lab, x);
    #####:   10:  Term op0     = term_new_op2(opr, X.k0, heap_read(sup_loc + 0));
    #####:   11:  Term op1     = term_new_op2(opr, X.k1, heap_read(sup_loc + 1));
    #####:   12:  return term_new_sup(lab, op0, op1);
        -:   13:}
