        -:    0:Source:../hvm4/clang/wnf/op2_sup.c
        -:    0:Graph:hvm4-cov-main.gcno
        -:    0:Data:hvm4-cov-main.gcda
        -:    0:Runs:22
        -:    1:// @@opr(&L{a,b}, y)
        -:    2:// ------------------------- OP2-SUP
        -:    3:// ! Y &L = y
        -:    4:// &L{@@opr(a,Y₀), @@opr(b,Y₁)}
    #####:    5:fn Term wnf_op2_sup(u32 opr, Term sup, Term y) {
    #####:    6:  ITRS++;
    #####:    7:  u32  lab     = term_ext(sup);
    #####:    8:  u32  sup_loc = term_val(sup);
    #####:    9:  Copy Y       = term_clone(lab, y);
    #####:   10:  Term op0     = term_new_op2(opr, heap_read(sup_loc + 0), Y.k0);
    #####:   11:  Term op1     = term_new_op2(opr, heap_read(sup_loc + 1), Y.k1);
    #####:   12:  return term_new_sup(lab, op0, op1);
        -:   13:}
