        -:    0:Source:../hvm4/clang/wnf/op2_sup.c
        -:    0:Graph:main-cov-main.gcno
        -:    0:Data:main-cov-main.gcda
        -:    0:Runs:422
        -:    1:// @@opr(&L{a,b}, y)
        -:    2:// ------------------------- OP2-SUP
        -:    3:// ! Y &L = y
        -:    4:// &L{@@opr(a,Y₀), @@opr(b,Y₁)}
     7469:    5:fn Term wnf_op2_sup(u32 opr, Term sup, Term y) {
     7469:    6:  ITRS++;
     7469:    7:  u32  lab     = term_ext(sup);
     7469:    8:  u32  sup_loc = term_val(sup);
     7469:    9:  Copy Y       = term_clone(lab, y);
     7469:   10:  Term op0     = term_new_op2(opr, heap_read(sup_loc + 0), Y.k0);
     7469:   11:  Term op1     = term_new_op2(opr, heap_read(sup_loc + 1), Y.k1);
     7469:   12:  return term_new_sup(lab, op0, op1);
        -:   13:}
