        -:    0:Source:../hvm4/clang/wnf/or_num.c
        -:    0:Graph:main-cov-main.gcno
        -:    0:Data:main-cov-main.gcda
        -:    0:Runs:422
        -:    1:// (#0 .|. b)
        -:    2:// ---------- OR-ZER
        -:    3:// b
        -:    4://
        -:    5:// (#n .|. b)   [n ≠ 0]
        -:    6:// -------------------- OR-ONE
        -:    7:// #1
    #####:    8:fn Term wnf_or_num(Term num, Term b) {
    #####:    9:  ITRS++;
    #####:   10:  u32 val = term_val(num);
    #####:   11:  if (val == 0) {
    #####:   12:    return b;
        -:   13:  } else {
    #####:   14:    return term_new_num(1);
        -:   15:  }
        -:   16:}
