        -:    0:Source:../hvm4/clang/sys/path_join.c
        -:    0:Graph:main-cov-main.gcno
        -:    0:Data:main-cov-main.gcda
        -:    0:Runs:17
    #####:    1:fn void sys_path_join(char *out, int size, const char *base, const char *rel) {
    #####:    2:  if (rel[0] == '/') {
    #####:    3:    snprintf(out, size, "%s", rel);
    #####:    4:    return;
        -:    5:  }
    #####:    6:  const char *slash = strrchr(base, '/');
    #####:    7:  if (slash) {
    #####:    8:    snprintf(out, size, "%.*s/%s", (int)(slash - base), base, rel);
        -:    9:  } else {
    #####:   10:    snprintf(out, size, "%s", rel);
        -:   11:  }
        -:   12:}
