        -:    0:Source:../hvm4/clang/parse/skip.c
        -:    0:Graph:main-cov-main.gcno
        -:    0:Data:main-cov-main.gcda
        -:    0:Runs:9
   995094:    1:fn void parse_skip(PState *s) {
  1284192:    2:  while (!parse_at_end(s)) {
  1284048:    3:    if (parse_is_space(parse_peek(s))) {
   278622:    4:      parse_advance(s);
   278622:    5:      continue;
        -:    6:    }
  1005426:    7:    if (parse_starts_with(s, "//")) {
    10476:    8:      parse_skip_comment(s);
    10476:    9:      continue;
        -:   10:    }
   994950:   11:    break;
        -:   12:  }
   995094:   13:}
