        -:    0:Source:../hvm4/clang/parse/term/str.c
        -:    0:Graph:main-cov-main.gcno
        -:    0:Data:main-cov-main.gcda
        -:    0:Runs:422
        -:    1:fn Term parse_term(PState *s, u32 depth);
        -:    2:
    #####:    3:fn Term parse_term_str(PState *s, u32 depth) {
    #####:    4:  parse_advance(s);
    #####:    5:  Term t = term_new_ctr(NAM_NIL, 0, 0);
    #####:    6:  u32 cs[4096]; u32 n = 0;
    #####:    7:  while (parse_peek(s) != '"') {
        -:    8:    u32 c;
    #####:    9:    if (parse_peek(s) == '\\') {
    #####:   10:      parse_advance(s);
    #####:   11:      c = (u32)(u8)parse_peek(s);
    #####:   12:      parse_advance(s);
        -:   13:    } else {
    #####:   14:      c = parse_utf8(s);
        -:   15:    }
    #####:   16:    cs[n++] = c;
        -:   17:  }
    #####:   18:  parse_advance(s);
    #####:   19:  for (int i = n - 1; i >= 0; i--) {
    #####:   20:    Term c = term_new_num(cs[i]);
    #####:   21:    Term h = term_new_ctr(NAM_CHR, 1, &c);
    #####:   22:    Term a[2] = {h, t};
    #####:   23:    t = term_new_ctr(NAM_CON, 2, a);
        -:   24:  }
    #####:   25:  return t;
        -:   26:}
