        -:    0:Source:../hvm4/clang/term/new/sup.c
        -:    0:Graph:hvm4-cov-main.gcno
        -:    0:Data:hvm4-cov-main.gcda
        -:    0:Runs:22
       16:    1:fn Term term_new_sup_at(u32 loc, u32 lab, Term tm0, Term tm1) {
       16:    2:  return term_new_at(loc, SUP, lab, 2, (Term[]){tm0, tm1});
        -:    3:}
        -:    4:
       14:    5:fn Term term_new_sup(u32 lab, Term tm0, Term tm1) {
       14:    6:  return term_new_sup_at(heap_alloc(2), lab, tm0, tm1);
        -:    7:}
