        -:    0:Source:../hvm4/clang/wnf/tid.c
        -:    0:Graph:hvm4-cov-main.gcno
        -:    0:Data:hvm4-cov-main.gcda
        -:    0:Runs:22
        -:    1:static _Thread_local u32 WNF_TID = 0;
        -:    2:
     3889:    3:fn u32 wnf_tid(void) {
     3889:    4:  return WNF_TID;
        -:    5:}
        -:    6:
       66:    7:fn void wnf_set_tid(u32 tid) {
       66:    8:  WNF_TID = tid;
       66:    9:  WNF_BANK = &WNF_BANKS[tid];
       66:   10:  WNF_ITRS_PTR = &WNF_ITRS_BANKS[tid].itrs;
       66:   11:  *WNF_ITRS_PTR = 0;
       66:   12:}
