        -:    0:Source:../hvm4/clang/term/new/use.c
        -:    0:Graph:main-cov-main.gcno
        -:    0:Data:main-cov-main.gcda
        -:    0:Runs:422
        -:    1:// USE: λ{f} - reduce arg and apply
        -:    2:// fields = [f]
    24198:    3:fn Term term_new_use_at(u32 loc, Term f) {
    24198:    4:  heap_write(loc, f);
    24198:    5:  return term_new(0, USE, 0, loc);
        -:    6:}
        -:    7:
    24198:    8:fn Term term_new_use(Term f) {
    24198:    9:  return term_new_use_at(heap_alloc(1), f);
        -:   10:}
