        -:    0:Source:../hvm4/clang/wnf/use_inc.c
        -:    0:Graph:hvm4-cov-main.gcno
        -:    0:Data:hvm4-cov-main.gcda
        -:    0:Runs:22
        -:    1:// (use ↑x)
        -:    2:// --------- USE-INC
        -:    3:// ↑(use x)
    #####:    4:fn Term wnf_use_inc(Term use, Term inc) {
    #####:    5:  ITRS++;
    #####:    6:  u32  inc_loc = term_val(inc);
    #####:    7:  Term x       = heap_read(inc_loc);
    #####:    8:  Term app     = term_new_app(use, x);
    #####:    9:  heap_set(inc_loc, app);
    #####:   10:  return term_new(0, INC, 0, inc_loc);
        -:   11:}
