        -:    0:Source:../hvm4/clang/data/wsq.c
        -:    0:Graph:main-cov-main.gcno
        -:    0:Data:main-cov-main.gcda
        -:    0:Runs:9
        -:    1:// data/wsq.c - Chase-Lev work-stealing deque for u64 tasks.
        -:    2://
        -:    3:// Context
        -:    4:// - Used by parallel evaluators to distribute heap locations across workers.
        -:    5:// - Single-owner pushes and pops from the bottom; other threads steal from the top.
        -:    6://
        -:    7:// Design
        -:    8:// - Ring buffer of fixed capacity (power of two) storing u64 tasks.
        -:    9:// - Atomic top/bottom indices are cache-line padded to limit false sharing.
        -:   10:// - Owner operations are wait-free except for full/empty checks.
        -:   11:// - Steals are lock-free and may fail under contention.
        -:   12://
        -:   13:// Notes
        -:   14:// - Not multi-producer: only the owner thread may push/pop.
        -:   15:// - Capacity is fixed after init; wsq_push returns 0 when full.
        -:   16:// - Counters are monotonic; wrap-around is not guarded (practically unreachable).
        -:   17:
        -:   18:#include <stdatomic.h>
        -:   19:#include <stdbool.h>
        -:   20:#include <stddef.h>
        -:   21:#include <stdlib.h>
        -:   22:
        -:   23:// Cache-line size used to pad indices and the buffer alignment.
        -:   24:#ifndef WSQ_L1
        -:   25:#define WSQ_L1 128
        -:   26:#endif
        -:   27:
        -:   28:// Cache-line padded atomic index used by the deque.
        -:   29:typedef struct {
        -:   30:  _Atomic size_t v;
        -:   31:  char _pad[WSQ_L1 - sizeof(_Atomic size_t)];
        -:   32:} WsqIdx;
        -:   33:
        -:   34:// Work-stealing deque state (single owner, multi-stealer).
        -:   35:typedef struct __attribute__((aligned(128))) {
        -:   36:  WsqIdx top;
        -:   37:  WsqIdx bot;
        -:   38:  _Alignas(WSQ_L1) u64 *buf;
        -:   39:  size_t mask;
        -:   40:  size_t cap;
        -:   41:} WsDeque;
        -:   42:
        -:   43:// Allocate aligned memory for the ring buffer.
        9:   44:static inline void *wsq_aligned_alloc(size_t alignment, size_t nbytes) {
        9:   45:  void *ptr = NULL;
        9:   46:  size_t size = ((nbytes + alignment - 1) / alignment) * alignment;
        9:   47:  int err = posix_memalign(&ptr, alignment, size);
        9:   48:  if (err) {
    #####:   49:    return NULL;
        -:   50:  }
        9:   51:  return ptr;
        -:   52:}
        -:   53:
        -:   54:// Initialize a deque with 2^capacity_pow2 slots.
        9:   55:static inline int wsq_init(WsDeque *q, u32 capacity_pow2) {
        9:   56:  size_t cap = (size_t)1 << capacity_pow2;
        9:   57:  q->buf = (u64 *)wsq_aligned_alloc(WSQ_L1, cap * sizeof(u64));
        9:   58:  if (!q->buf) {
    #####:   59:    return 0;
        -:   60:  }
        9:   61:  q->cap  = cap;
        9:   62:  q->mask = cap - 1;
        9:   63:  atomic_store_explicit(&q->top.v, 0, memory_order_relaxed);
        9:   64:  atomic_store_explicit(&q->bot.v, 0, memory_order_relaxed);
        9:   65:  return 1;
        -:   66:}
        -:   67:
        -:   68:// Release the deque buffer.
        9:   69:static inline void wsq_free(WsDeque *q) {
        9:   70:  if (q && q->buf) {
        9:   71:    free(q->buf);
        9:   72:    q->buf = NULL;
        -:   73:  }
        9:   74:}
        -:   75:
        -:   76:// Owner push to the bottom; returns 1 on success, 0 if full.
       18:   77:static inline int wsq_push(WsDeque *q, u64 x) {
       18:   78:  size_t b = atomic_load_explicit(&q->bot.v, memory_order_relaxed);
       18:   79:  size_t t = atomic_load_explicit(&q->top.v, memory_order_acquire);
       18:   80:  if (b - t >= q->cap) {
    #####:   81:    return 0;
        -:   82:  }
       18:   83:  __builtin_prefetch(&q->buf[b & q->mask], 1, 1);
       18:   84:  q->buf[b & q->mask] = x;
       18:   85:  atomic_store_explicit(&q->bot.v, b + 1, memory_order_release);
       18:   86:  return 1;
        -:   87:}
        -:   88:
        -:   89:// Owner pop from the bottom; returns 1 on success, 0 if empty or lost race.
       27:   90:static inline int wsq_pop(WsDeque *q, u64 *out) {
       27:   91:  size_t b = atomic_load_explicit(&q->bot.v, memory_order_relaxed);
       27:   92:  if (b == 0) {
    #####:   93:    return 0;
        -:   94:  }
       27:   95:  size_t b1 = b - 1;
       27:   96:  __builtin_prefetch(&q->buf[b1 & q->mask], 0, 1);
       27:   97:  atomic_store_explicit(&q->bot.v, b1, memory_order_release);
       27:   98:  atomic_thread_fence(memory_order_acq_rel);
        -:   99:
       27:  100:  size_t t = atomic_load_explicit(&q->top.v, memory_order_acquire);
       27:  101:  if (t <= b1) {
       18:  102:    u64 x = q->buf[b1 & q->mask];
       18:  103:    if (t == b1) {
       18:  104:      size_t expected = t;
       18:  105:      bool ok = atomic_compare_exchange_strong_explicit(
        -:  106:        &q->top.v,
        -:  107:        &expected,
        -:  108:        t + 1,
        -:  109:        memory_order_acq_rel,
        -:  110:        memory_order_acquire
        -:  111:      );
       18:  112:      if (!ok) {
    #####:  113:        atomic_store_explicit(&q->bot.v, t + 1, memory_order_release);
    #####:  114:        return 0;
        -:  115:      }
       18:  116:      atomic_store_explicit(&q->bot.v, t + 1, memory_order_release);
        -:  117:    }
       18:  118:    *out = x;
       18:  119:    return 1;
        -:  120:  } else {
        9:  121:    atomic_store_explicit(&q->bot.v, t, memory_order_release);
        9:  122:    return 0;
        -:  123:  }
        -:  124:}
        -:  125:
        -:  126:// Thief steal from the top; returns 1 on success, 0 if empty or lost race.
    #####:  127:static inline int wsq_steal(WsDeque *q, u64 *out) {
    #####:  128:  size_t t = atomic_load_explicit(&q->top.v, memory_order_acquire);
    #####:  129:  size_t b = atomic_load_explicit(&q->bot.v, memory_order_acquire);
    #####:  130:  if (t >= b) {
    #####:  131:    return 0;
        -:  132:  }
    #####:  133:  __builtin_prefetch(&q->buf[t & q->mask], 0, 1);
    #####:  134:  u64 x = q->buf[t & q->mask];
    #####:  135:  size_t expected = t;
    #####:  136:  bool ok = atomic_compare_exchange_strong_explicit(
        -:  137:    &q->top.v,
        -:  138:    &expected,
        -:  139:    t + 1,
        -:  140:    memory_order_acq_rel,
        -:  141:    memory_order_acquire
        -:  142:  );
    #####:  143:  if (ok) {
    #####:  144:    *out = x;
    #####:  145:    return 1;
        -:  146:  }
    #####:  147:  return 0;
        -:  148:}
